                                                                                                                        
>>>>>>>>>>>>>>>>>>>>>>>>>>>>>>>>>>>>>>>>>>>>>>>>>>>>>>>>>>>>>>>>>>>>>>>>>>>>>>>>>>>>>>>>>>>>>>>>>>>>>>>>>>>>>>>>>>>>>>>>
2026-03-04 15:48:12,724 - INFO - START healtheintellegence =============================================
2026-03-04 15:48:12,724 - INFO - START healtheintellegence Start Time = 2026-03-04 15:48:12
2026-03-04 15:48:12,725 - INFO - healtheintellegence Step 0 - Initialize the configuration file parser
2026-03-04 15:48:12,725 - INFO - Process healtheintellegence Step 0 - Initializing and starting Logging Process.
2026-03-04 15:48:17,995 - INFO - START healtheintellegence =============================================
2026-03-04 15:48:17,997 - INFO - START healtheintellegence Start Time = 2026-03-04 15:48:17
2026-03-04 15:48:18,049 - INFO - healtheintellegence Step 0 - Initialize the configuration file parser
2026-03-04 15:48:18,050 - INFO - Process healtheintellegence Step 0 - Initializing and starting Logging Process.
2026-03-04 15:48:33,308 - INFO - START healtheintellegence =============================================
2026-03-04 15:48:33,308 - INFO - START healtheintellegence Start Time = 2026-03-04 15:48:33
2026-03-04 15:48:33,308 - INFO - healtheintellegence Step 0 - Initialize the configuration file parser
2026-03-04 15:48:33,308 - INFO - Process healtheintellegence Step 0 - Initializing and starting Logging Process.
2026-03-04 15:53:49,544 - INFO - PERFORMANCE healtheintellegence The total process duration was:316.24
2026-03-04 15:53:49,544 - INFO - PERFORMANCE healtheintellegence Stop Time = 2026-03-04 15:53:49
2026-03-04 15:53:49,544 - INFO - PERFORMANCE healtheintellegence Medium process duration greater than 3 minutes:316.24
2026-03-04 15:53:49,544 - INFO - PERFORMANCE healtheintellegence Performance optimization is optional
2026-03-04 15:53:49,544 - INFO - END healtheintellegence =============================================

<<<<<<<<<<<<<<<<<<<<<<<<<<<<<<<<<<<<<<<<<<<<<<<<<<<<<<<<<<<<<<<<<<<<<<<<<<<<<<<<<<<<<<<<<<<<<<<<<<<<<<<<<<<<<<<<<<<<<<<<
                                                                                                                        
                                                                                                                        
>>>>>>>>>>>>>>>>>>>>>>>>>>>>>>>>>>>>>>>>>>>>>>>>>>>>>>>>>>>>>>>>>>>>>>>>>>>>>>>>>>>>>>>>>>>>>>>>>>>>>>>>>>>>>>>>>>>>>>>>
2026-03-04 15:54:06,916 - INFO - START healtheintellegence =============================================
2026-03-04 15:54:06,917 - INFO - START healtheintellegence Start Time = 2026-03-04 15:54:06
2026-03-04 15:54:06,917 - INFO - healtheintellegence Step 0 - Initialize the configuration file parser
2026-03-04 15:54:06,918 - INFO - Process healtheintellegence Step 0 - Initializing and starting Logging Process.
2026-03-04 15:54:06,988 - INFO - PERFORMANCE healtheintellegence The total process duration was:0.07
2026-03-04 15:54:06,988 - INFO - PERFORMANCE healtheintellegence Stop Time = 2026-03-04 15:54:06
2026-03-04 15:54:06,988 - INFO - PERFORMANCE healtheintellegence Short process duration less than 3 Seconds:0.07
2026-03-04 15:54:06,988 - INFO - PERFORMANCE healtheintellegence Performance optimization is not reccomended
2026-03-04 15:54:06,988 - INFO - END healtheintellegence =============================================

<<<<<<<<<<<<<<<<<<<<<<<<<<<<<<<<<<<<<<<<<<<<<<<<<<<<<<<<<<<<<<<<<<<<<<<<<<<<<<<<<<<<<<<<<<<<<<<<<<<<<<<<<<<<<<<<<<<<<<<<
                                                                                                                        
